<?xml version="1.0" encoding="UTF-8"?>
<!-- Generated by org.testng.reporters.JUnitReportReporter -->
<testsuite hostname="DESKTOP-ECCOGIN" failures="0" tests="1" name="com.fb.qa.test.LoginPgeTest" time="17.221" errors="0" timestamp="2022-08-07T20:21:40 IST" skipped="0">
  <testcase classname="com.fb.qa.test.LoginPgeTest" name="loginTest" time="17.221"/>
  <system-out/>
</testsuite> <!-- com.fb.qa.test.LoginPgeTest -->
