<?xml version="1.0" encoding="UTF-8"?>
<!-- Generated by org.testng.reporters.JUnitReportReporter -->
<testsuite hostname="DESKTOP-ECCOGIN" failures="0" tests="1" name="com.fb.qa.test.SignUpPageTest" time="38.548" errors="0" timestamp="2022-08-19T16:11:08 IST" skipped="0">
  <testcase classname="com.fb.qa.test.SignUpPageTest" name="createNewAccountTest" time="38.548"/>
  <system-out/>
</testsuite> <!-- com.fb.qa.test.SignUpPageTest -->
